<?xml version="1.0" encoding="UTF-8"?>
<!-- Generated by org.testng.reporters.JUnitXMLReporter -->
<testsuite ignored="0" hostname="DESKTOP-EBFT8ED" failures="1" tests="3" name="Test" time="21.702" errors="0" timestamp="2026-06-12T16:38:52 GMT+12:00">
  <testcase classname="testCases.TC001_AccountRegistrationTest" name="verify_account_registration" time="2.761"/>
  <testcase classname="testCases.TC001_AccountRegistrationTest" name="verify_account_registration1" time="10.182">
    <failure type="java.lang.AssertionError" message="null">
      <![CDATA[java.lang.AssertionError: null
at testCases.TC001_AccountRegistrationTest.verify_account_registration1(TC001_AccountRegistrationTest.java:70)
at java.base/java.util.ArrayList.forEach(ArrayList.java:1604)
... Removed 31 stack frames]]>
    </failure>
  </testcase> <!-- verify_account_registration1 -->
  <testcase classname="testCases.TC_002LoginTest" name="verify_login" time="1.801"/>
</testsuite> <!-- Test -->
