<?xml version="1.0" encoding="UTF-8"?>
<!-- Generated by org.testng.reporters.JUnitXMLReporter -->
<testsuite ignored="0" hostname="DESKTOP-EBFT8ED" failures="1" tests="3" name="Test" time="48.346" errors="0" timestamp="2026-06-12T15:49:55 GMT+12:00">
  <testcase classname="testCases.TC001_AccountRegistrationTest" name="verify_account_registration" time="2.993"/>
  <testcase classname="testCases.TC001_AccountRegistrationTest" name="verify_account_registration1" time="10.148">
    <failure type="java.lang.AssertionError" message="null">
      <![CDATA[java.lang.AssertionError: null
at testCases.TC001_AccountRegistrationTest.verify_account_registration1(TC001_AccountRegistrationTest.java:70)
at java.base/java.util.ArrayList.forEach(ArrayList.java:1604)
... Removed 27 stack frames]]>
    </failure>
  </testcase> <!-- verify_account_registration1 -->
  <testcase classname="testCases.TC_002LoginTest" name="verify_login" time="1.819"/>
</testsuite> <!-- Test -->
